INFO: [VRFC 10-2263] Analyzing Verilog file "C:/Xilinx/Projects/SevSeg/SevSeg.srcs/sources_1/new/Sseg_decoder.v" into library xil_defaultlib
INFO: [VRFC 10-311] analyzing module Sseg_decoder
INFO: [VRFC 10-2263] Analyzing Verilog file "C:/Xilinx/Projects/WaveGen/WaveGen.srcs/sources_1/new/ADC_Buff.v" into library xil_defaultlib
INFO: [VRFC 10-311] analyzing module ADC_Buff
INFO: [VRFC 10-2263] Analyzing Verilog file "C:/Xilinx/Projects/WaveGen/WaveGen.srcs/sources_1/new/B4DC.v" into library xil_defaultlib
INFO: [VRFC 10-311] analyzing module B4DC
INFO: [VRFC 10-2263] Analyzing Verilog file "C:/Xilinx/Projects/SevSeg/SevSeg.srcs/sources_1/new/CLK_KHZ_100_50.v" into library xil_defaultlib
INFO: [VRFC 10-311] analyzing module CLK_KHZ_10_50
INFO: [VRFC 10-2263] Analyzing Verilog file "C:/Xilinx/Projects/WaveGen/WaveGen.srcs/sources_1/new/BarGraph.v" into library xil_defaultlib
INFO: [VRFC 10-311] analyzing module BarGraph
INFO: [VRFC 10-2263] Analyzing Verilog file "C:/Xilinx/Projects/WaveGen/WaveGen.srcs/sources_1/new/Recursive_Filter.v" into library xil_defaultlib
INFO: [VRFC 10-311] analyzing module Recursive_Filter
INFO: [VRFC 10-2263] Analyzing Verilog file "C:/Xilinx/Projects/WaveGen/WaveGen.gen/sources_1/bd/WaveGen/ip/WaveGen_Sseg_decoder_0_0/sim/WaveGen_Sseg_decoder_0_0.v" into library xil_defaultlib
INFO: [VRFC 10-311] analyzing module WaveGen_Sseg_decoder_0_0
INFO: [VRFC 10-2263] Analyzing Verilog file "C:/Xilinx/Projects/WaveGen/WaveGen.gen/sources_1/bd/WaveGen/ip/WaveGen_xadc_wiz_0_0/WaveGen_xadc_wiz_0_0.v" into library xil_defaultlib
INFO: [VRFC 10-311] analyzing module WaveGen_xadc_wiz_0_0
INFO: [VRFC 10-2263] Analyzing Verilog file "C:/Xilinx/Projects/WaveGen/WaveGen.gen/sources_1/bd/WaveGen/ip/WaveGen_xlconstant_0_0/sim/WaveGen_xlconstant_0_0.v" into library xil_defaultlib
INFO: [VRFC 10-311] analyzing module WaveGen_xlconstant_0_0
INFO: [VRFC 10-2263] Analyzing Verilog file "C:/Xilinx/Projects/WaveGen/WaveGen.gen/sources_1/bd/WaveGen/ip/WaveGen_ADC_Buff_0_0/sim/WaveGen_ADC_Buff_0_0.v" into library xil_defaultlib
INFO: [VRFC 10-311] analyzing module WaveGen_ADC_Buff_0_0
INFO: [VRFC 10-2263] Analyzing Verilog file "C:/Xilinx/Projects/WaveGen/WaveGen.gen/sources_1/bd/WaveGen/ip/WaveGen_B4DC_0_0/sim/WaveGen_B4DC_0_0.v" into library xil_defaultlib
INFO: [VRFC 10-311] analyzing module WaveGen_B4DC_0_0
INFO: [VRFC 10-2263] Analyzing Verilog file "C:/Xilinx/Projects/WaveGen/WaveGen.gen/sources_1/bd/WaveGen/ip/WaveGen_CLK_KHZ_10_50_0_0/sim/WaveGen_CLK_KHZ_10_50_0_0.v" into library xil_defaultlib
INFO: [VRFC 10-311] analyzing module WaveGen_CLK_KHZ_10_50_0_0
INFO: [VRFC 10-2263] Analyzing Verilog file "C:/Xilinx/Projects/WaveGen/WaveGen.gen/sources_1/bd/WaveGen/ip/WaveGen_BarGraph_0_0/sim/WaveGen_BarGraph_0_0.v" into library xil_defaultlib
INFO: [VRFC 10-311] analyzing module WaveGen_BarGraph_0_0
INFO: [VRFC 10-2263] Analyzing Verilog file "C:/Xilinx/Projects/WaveGen/WaveGen.gen/sources_1/bd/WaveGen/ip/WaveGen_Recursive_Filter_0_0/sim/WaveGen_Recursive_Filter_0_0.v" into library xil_defaultlib
INFO: [VRFC 10-311] analyzing module WaveGen_Recursive_Filter_0_0
INFO: [VRFC 10-2263] Analyzing Verilog file "C:/Xilinx/Projects/WaveGen/WaveGen.gen/sources_1/bd/WaveGen/ip/WaveGen_Recursive_Filter_1_0/sim/WaveGen_Recursive_Filter_1_0.v" into library xil_defaultlib
INFO: [VRFC 10-311] analyzing module WaveGen_Recursive_Filter_1_0
INFO: [VRFC 10-2263] Analyzing Verilog file "C:/Xilinx/Projects/WaveGen/WaveGen.gen/sources_1/bd/WaveGen/sim/WaveGen.v" into library xil_defaultlib
INFO: [VRFC 10-311] analyzing module WaveGen
